[35m[Appium][39m Welcome to Appium v1.22.3
[35m[Appium][39m Non-default server args:
[35m[Appium][39m   port: 54200
[35m[Appium][39m   loglevel: info
[35m[Appium][39m   tmpDir: C:\Users\rifqi_hp.i\AppData\Local\Temp\\Katalon\Appium\Temp1701422932442
[35m[Appium][39m   chromedriverPort: 54201
[35m[Appium][39m Deprecated server args:
[35m[Appium][39m   [31m--chromedriver-port[39m => --default-capabilities
[35m[Appium][39m Default capabilities, which will be added to each request unless overridden by desired capabilities:
[35m[Appium][39m   chromedriverPort: 54201
[35m[Appium][39m Appium REST http interface listener started on 0.0.0.0:54200
[35m[HTTP][39m [37m-->[39m [37mGET[39m [37m/wd/hub/status[39m
[35m[HTTP][39m [90m{}[39m
[35m[HTTP][39m [37m<-- GET /wd/hub/status [39m[32m200[39m [90m9 ms - 68[39m
[35m[HTTP][39m [90m[39m
[35m[HTTP][39m [37m-->[39m [37mGET[39m [37m/wd/hub/status[39m
[35m[HTTP][39m [90m{}[39m
[35m[HTTP][39m [37m<-- GET /wd/hub/status [39m[32m200[39m [90m2 ms - 68[39m
[35m[HTTP][39m [90m[39m
[35m[HTTP][39m [37m-->[39m [37mPOST[39m [37m/wd/hub/session[39m
[35m[HTTP][39m [90m{"desiredCapabilities":{"appPackage":"com.android.settings","MobileCapabilityType.NO_RESET\n":"true","deviceId":"","deviceName":"samsung SM-G975F (Android 10)","platform":"ANDROID","appActivity":".Settings","newCommandTimeout":1800,"platformVersion":"10","automationName":"uiautomator2","autoGrantPermissions":true,"platformName":"Android","udid":"RR8M3036CLT","systemPort":8295},"capabilities":{"firstMatch":[{"MobileCapabilityType.NO_RESET\n":"true","appium:appActivity":".Settings","appium:appPackage":"com.android.settings","appium:autoGrantPermissions":true,"appium:automationName":"uiautomator2","deviceId":"","appium:deviceName":"samsung SM-G975F (Android 10)","appium:newCommandTimeout":1800,"platform":"ANDROID","platformName":"android","appium:platformVersion":"10","appium:systemPort":8295,"appium:udid":"RR8M3036CLT"}]}}[39m
[35m[BaseDriver][39m The following capabilities are not standard capabilities and should have an extension prefix:
[35m[BaseDriver][39m   MobileCapabilityType.NO_RESET
[35m[BaseDriver][39m 
[35m[BaseDriver][39m   deviceId
[35m[BaseDriver][39m   platform
[35m[BaseDriver][39m   chromedriverPort
[35m[Appium][39m Appium v1.22.3 creating new AndroidUiautomator2Driver (v1.70.1) session
[35m[BaseDriver][39m The following capabilities were provided, but are not recognized by Appium:
[35m[BaseDriver][39m   MobileCapabilityType.NO_RESET
[35m[BaseDriver][39m 
[35m[BaseDriver][39m   deviceId
[35m[BaseDriver][39m   platform
[35m[BaseDriver][39m Session created with session id: 3923bdb0-c40f-46ae-a137-cf1a07d210f5
[35m[UiAutomator2][39m Starting 'com.android.settings' directly on the device
[35m[ADB][39m Found 1 'build-tools' folders under 'C:\Users\rifqi_hp.i\.katalon\tools\android_sdk' (newest first):
[35m[ADB][39m     C:/Users/rifqi_hp.i/.katalon/tools/android_sdk/build-tools/29.0.3
[35m[ADB][39m Using 'adb.exe' from 'C:\Users\rifqi_hp.i\.katalon\tools\android_sdk\platform-tools\adb.exe'
[35m[AndroidDriver][39m Retrieving device list
[35m[AndroidDriver][39m Using device: RR8M3036CLT
[35m[ADB][39m Using 'adb.exe' from 'C:\Users\rifqi_hp.i\.katalon\tools\android_sdk\platform-tools\adb.exe'
[35m[ADB][39m Getting device platform version
[35m[UiAutomator2][39m Relaxing hidden api policy
[35m[AndroidDriver][39m No app sent in, not parsing package/activity
[35m[ADB][39m Using 'apksigner.jar' from 'C:\Users\rifqi_hp.i\.katalon\tools\android_sdk\build-tools\29.0.3\lib\apksigner.jar'
[35m[ADB][39m 'C:\Users\rifqi_hp.i\AppData\Roaming\npm\node_modules\appium\node_modules\appium-uiautomator2-server\apks\appium-uiautomator2-server-v4.27.0.apk' is signed with the default certificate
[35m[ADB][39m 'C:\Users\rifqi_hp.i\AppData\Roaming\npm\node_modules\appium\node_modules\appium-uiautomator2-server\apks\appium-uiautomator2-server-debug-androidTest.apk' is signed with the default certificate
[35m[UiAutomator2][39m Server packages are not going to be (re)installed
[35m[ADB][39m Adding packages ["io.appium.settings","io.appium.uiautomator2.server","io.appium.uiautomator2.server.test"] to Doze whitelist
[35m[UiAutomator2][39m Starting UIAutomator2 server 4.27.0
[35m[UiAutomator2][39m Using UIAutomator2 server from 'C:\Users\rifqi_hp.i\AppData\Roaming\npm\node_modules\appium\node_modules\appium-uiautomator2-server\apks\appium-uiautomator2-server-v4.27.0.apk' and test from 'C:\Users\rifqi_hp.i\AppData\Roaming\npm\node_modules\appium\node_modules\appium-uiautomator2-server\apks\appium-uiautomator2-server-debug-androidTest.apk'
[35m[UiAutomator2][39m Waiting up to 30000ms for UiAutomator2 to be online...
[35m[WD Proxy][39m socket hang up
[35m[WD Proxy][39m socket hang up
[35m[WD Proxy][39m socket hang up
[35m[WD Proxy][39m Determined the downstream protocol as 'W3C'
[35m[AndroidDriver][39m Screen already unlocked, doing nothing
[35m[UiAutomator2][39m Starting 'com.android.settings/.Settings and waiting for 'com.android.settings/.Settings'
[35m[Appium][39m New AndroidUiautomator2Driver session created successfully, session 3923bdb0-c40f-46ae-a137-cf1a07d210f5 added to master session list
[35m[HTTP][39m [37m<-- POST /wd/hub/session [39m[32m200[39m [90m11351 ms - 1265[39m
[35m[HTTP][39m [90m[39m
[35m[HTTP][39m [37m-->[39m [37mGET[39m [37m/wd/hub/session/3923bdb0-c40f-46ae-a137-cf1a07d210f5[39m
[35m[HTTP][39m [90m{}[39m
[35m[HTTP][39m [37m<-- GET /wd/hub/session/3923bdb0-c40f-46ae-a137-cf1a07d210f5 [39m[32m200[39m [90m12 ms - 1219[39m
[35m[HTTP][39m [90m[39m
[35m[HTTP][39m [37m-->[39m [37mGET[39m [37m/wd/hub/session/3923bdb0-c40f-46ae-a137-cf1a07d210f5[39m
[35m[HTTP][39m [90m{}[39m
[35m[HTTP][39m [37m<-- GET /wd/hub/session/3923bdb0-c40f-46ae-a137-cf1a07d210f5 [39m[32m200[39m [90m9 ms - 1219[39m
[35m[HTTP][39m [90m[39m
[35m[HTTP][39m [37m-->[39m [37mGET[39m [37m/wd/hub/status[39m
[35m[HTTP][39m [90m{}[39m
[35m[HTTP][39m [37m<-- GET /wd/hub/status [39m[32m200[39m [90m1 ms - 68[39m
[35m[HTTP][39m [90m[39m
[35m[HTTP][39m [37m-->[39m [37mPOST[39m [37m/wd/hub/session/3923bdb0-c40f-46ae-a137-cf1a07d210f5/timeouts[39m
[35m[HTTP][39m [90m{"implicit":60000}[39m
[35m[HTTP][39m [37m<-- POST /wd/hub/session/3923bdb0-c40f-46ae-a137-cf1a07d210f5/timeouts [39m[32m200[39m [90m4 ms - 14[39m
[35m[HTTP][39m [90m[39m
[35m[HTTP][39m [37m-->[39m [37mGET[39m [37m/wd/hub/session/3923bdb0-c40f-46ae-a137-cf1a07d210f5/screenshot[39m
[35m[HTTP][39m [90m{}[39m
[35m[HTTP][39m [37m<-- GET /wd/hub/session/3923bdb0-c40f-46ae-a137-cf1a07d210f5/screenshot [39m[32m200[39m [90m220 ms - 122186[39m
[35m[HTTP][39m [90m[39m
[35m[HTTP][39m [37m-->[39m [37mGET[39m [37m/wd/hub/session/3923bdb0-c40f-46ae-a137-cf1a07d210f5/window/rect[39m
[35m[HTTP][39m [90m{}[39m
[35m[HTTP][39m [37m<-- GET /wd/hub/session/3923bdb0-c40f-46ae-a137-cf1a07d210f5/window/rect [39m[32m200[39m [90m35 ms - 49[39m
[35m[HTTP][39m [90m[39m
[35m[HTTP][39m [37m-->[39m [37mGET[39m [37m/wd/hub/session/3923bdb0-c40f-46ae-a137-cf1a07d210f5/appium/device/system_bars[39m
[35m[HTTP][39m [90m{}[39m
[35m[HTTP][39m [37m<-- GET /wd/hub/session/3923bdb0-c40f-46ae-a137-cf1a07d210f5/appium/device/system_bars [39m[32m200[39m [90m126 ms - 145[39m
[35m[HTTP][39m [90m[39m
[35m[HTTP][39m [37m-->[39m [37mPOST[39m [37m/wd/hub/session/3923bdb0-c40f-46ae-a137-cf1a07d210f5/appium/device/activate_app[39m
[35m[HTTP][39m [90m{"bundleId":"bi.hybrid.dmp"}[39m
[35m[HTTP][39m [37m<-- POST /wd/hub/session/3923bdb0-c40f-46ae-a137-cf1a07d210f5/appium/device/activate_app [39m[32m200[39m [90m507 ms - 14[39m
[35m[HTTP][39m [90m[39m
[35m[HTTP][39m [37m-->[39m [37mGET[39m [37m/wd/hub/session/3923bdb0-c40f-46ae-a137-cf1a07d210f5/source[39m
[35m[HTTP][39m [90m{}[39m
[35m[W3C (3923bdb0)][39m Driver proxy active, passing request on via HTTP proxy
[35m[WD Proxy][39m Replacing sessionId e9a272a3-d802-4d1d-a845-892b7515432a with 3923bdb0-c40f-46ae-a137-cf1a07d210f5
[35m[HTTP][39m [37m<-- GET /wd/hub/session/3923bdb0-c40f-46ae-a137-cf1a07d210f5/source [39m[32m200[39m [90m183 ms - 7589[39m
[35m[HTTP][39m [90m[39m
[35m[HTTP][39m [37m-->[39m [37mGET[39m [37m/wd/hub/session/3923bdb0-c40f-46ae-a137-cf1a07d210f5/screenshot[39m
[35m[HTTP][39m [90m{}[39m
[35m[HTTP][39m [37m<-- GET /wd/hub/session/3923bdb0-c40f-46ae-a137-cf1a07d210f5/screenshot [39m[32m200[39m [90m342 ms - 169532[39m
[35m[HTTP][39m [90m[39m
[35m[HTTP][39m [37m-->[39m [37mPOST[39m [37m/wd/hub/session/3923bdb0-c40f-46ae-a137-cf1a07d210f5/elements[39m
[35m[HTTP][39m [90m{"using":"xpath","value":"//*[@class = 'android.view.View' and @resource-id = '' and (@text = '' or . = '')]"}[39m
[35m[HTTP][39m [37m<-- POST /wd/hub/session/3923bdb0-c40f-46ae-a137-cf1a07d210f5/elements [39m[32m200[39m [90m377 ms - 1547[39m
[35m[HTTP][39m [90m[39m
[35m[HTTP][39m [37m-->[39m [37mPOST[39m [37m/wd/hub/session/3923bdb0-c40f-46ae-a137-cf1a07d210f5/elements[39m
[35m[HTTP][39m [90m{"using":"accessibility id","value":"Newest - Oldest"}[39m
[35m[HTTP][39m [37m<-- POST /wd/hub/session/3923bdb0-c40f-46ae-a137-cf1a07d210f5/elements [39m[32m200[39m [90m31 ms - 139[39m
[35m[HTTP][39m [90m[39m
[35m[HTTP][39m [37m-->[39m [37mPOST[39m [37m/wd/hub/session/3923bdb0-c40f-46ae-a137-cf1a07d210f5/elements[39m
[35m[HTTP][39m [90m{"using":"xpath","value":"//*[@class = 'android.view.View' and @resource-id = '' and (@text = '' or . = '')]"}[39m
[35m[HTTP][39m [37m<-- POST /wd/hub/session/3923bdb0-c40f-46ae-a137-cf1a07d210f5/elements [39m[32m200[39m [90m114 ms - 1547[39m
[35m[HTTP][39m [90m[39m
[35m[HTTP][39m [37m-->[39m [37mPOST[39m [37m/wd/hub/session/3923bdb0-c40f-46ae-a137-cf1a07d210f5/elements[39m
[35m[HTTP][39m [90m{"using":"accessibility id","value":"Oldest - Newest"}[39m
[35m[HTTP][39m [37m<-- POST /wd/hub/session/3923bdb0-c40f-46ae-a137-cf1a07d210f5/elements [39m[32m200[39m [90m50 ms - 139[39m
[35m[HTTP][39m [90m[39m
[35m[HTTP][39m [37m-->[39m [37mPOST[39m [37m/wd/hub/session/3923bdb0-c40f-46ae-a137-cf1a07d210f5/elements[39m
[35m[HTTP][39m [90m{"using":"xpath","value":"//*[@class = 'android.view.View' and @resource-id = '' and (@text = '' or . = '')]"}[39m
[35m[HTTP][39m [37m<-- POST /wd/hub/session/3923bdb0-c40f-46ae-a137-cf1a07d210f5/elements [39m[32m200[39m [90m102 ms - 1547[39m
[35m[HTTP][39m [90m[39m
[35m[HTTP][39m [37m-->[39m [37mPOST[39m [37m/wd/hub/session/3923bdb0-c40f-46ae-a137-cf1a07d210f5/elements[39m
[35m[HTTP][39m [90m{"using":"accessibility id","value":"Name : A-Z"}[39m
[35m[HTTP][39m [37m<-- POST /wd/hub/session/3923bdb0-c40f-46ae-a137-cf1a07d210f5/elements [39m[32m200[39m [90m43 ms - 139[39m
[35m[HTTP][39m [90m[39m
[35m[HTTP][39m [37m-->[39m [37mPOST[39m [37m/wd/hub/session/3923bdb0-c40f-46ae-a137-cf1a07d210f5/elements[39m
[35m[HTTP][39m [90m{"using":"xpath","value":"//*[@class = 'android.view.View' and @resource-id = '' and (@text = '' or . = '')]"}[39m
[35m[HTTP][39m [37m<-- POST /wd/hub/session/3923bdb0-c40f-46ae-a137-cf1a07d210f5/elements [39m[32m200[39m [90m141 ms - 1547[39m
[35m[HTTP][39m [90m[39m
[35m[HTTP][39m [37m-->[39m [37mPOST[39m [37m/wd/hub/session/3923bdb0-c40f-46ae-a137-cf1a07d210f5/elements[39m
[35m[HTTP][39m [90m{"using":"accessibility id","value":"Name : Z-A"}[39m
[35m[HTTP][39m [37m<-- POST /wd/hub/session/3923bdb0-c40f-46ae-a137-cf1a07d210f5/elements [39m[32m200[39m [90m36 ms - 139[39m
[35m[HTTP][39m [90m[39m
[35m[BaseDriver][39m Shutting down because we waited 1800 seconds for a command
[35m[Appium][39m Closing session, cause was 'New Command Timeout of 1800 seconds expired. Try customizing the timeout using the 'newCommandTimeout' desired capability'
[35m[Appium][39m Removing session '3923bdb0-c40f-46ae-a137-cf1a07d210f5' from our master session list
[35m[UiAutomator2][39m Did not get confirmation UiAutomator2 deleteSession worked; Error was: UnknownError: An unknown server-side error occurred while processing the command. Original error: 'DELETE /' cannot be proxied to UiAutomator2 server because the instrumentation process is not running (probably crashed). Check the server log and/or the logcat output for more details
[35m[UiAutomator2][39m Restoring hidden api policy to the device default configuration
